
                    * * * C H I L S Q * * *

         Cambridge Crystallography Subroutine Library   Mark 4.40 Update:4.4.13

                    Job run on Thu Feb 14 19:40:33 2019

 Crystal data file  DBM.cry opened

 Data read by PREFIN from file DBM.cry
      105 cards  labelled A
        1 card   labelled C
        6 cards  labelled D
        9 cards  labelled F
        1 card   labelled I
        9 cards  labelled L
        1 card   labelled N
        1 card   labelled P
        3 cards  labelled Q
        4 cards  labelled S
      105 cards  labelled T
  CRY-file generated from data set 1 in file 15K_total.cif

     Centrosymmetric space group with  4 operator(s)

 The group is generated by the
+                                 1 element(s) numbered:  2
 and the
 centre of symmetry.

 General equivalent positions are:
       0                   0                   0       +-

  1      x                   y                   z       
  2     -x                  1/2+y               1/2-z    

 Symmetry constraints on lattice parameters
                                             alpha = 90
                                             gamma = 90

 Real cell         13.2248   22.1323   16.0555   90.00  109.65   90.00
 Volume =  4425.8081

 Reciprocal cell    0.0803    0.0452    0.0661   90.00   70.35   90.00
 Volume =   0.2259E-03


 Real cell quadratic products:
 A (=a  sqrd)     B            C   D (=b c cos alpha)  E          F 
    174.89534   489.83868   257.77908     0.00000   -71.38727     0.00000

 Reciprocal cell quadratic products:
 A*(=a* sqrd)     B*          C*  D*(=b*c*cos alpha*)  E*         F*
      0.00645     0.00204     0.00437     0.00000     0.00179     0.00000

 Matrices for transformation of vectors to orthogonal axes
 Real space:
   12.4550    0.0000    0.0000
    0.0000   22.1323    0.0000
   -4.4463    0.0000   16.0555

 Reciprocal space:
    0.0803    0.0000    0.0222
    0.0000    0.0452    0.0000
    0.0000    0.0000    0.0623


 Atoms in the unit cell are
  Mult Name       X         Y         Z        ITF      Site  Scat Fac Sub-Group
    4  C12      1.1170    0.5834    1.0728    0.0000    1.0000   C   
    4  C35      0.5629    0.6609    0.9614    0.0000    1.0000   C   
    4  C9       1.3421    0.5882    1.1453    0.0000    1.0000   C   
    4  C23      0.6680    0.8566    0.8479    0.0000    1.0000   C   
    4  C50      0.9232    0.5330    0.7045    0.0000    1.0000   C   
    4  C41      0.4104    0.6165    0.5832    0.0000    1.0000   C   
    4  C44      0.5854    0.6248    0.7132    0.0000    1.0000   C   
    4  C46      0.4246    0.6872    0.7014    0.0000    1.0000   C   
    4  C5       0.6619    0.4282    1.1680    0.0000    1.0000   C   
    4  C10      1.2869    0.5369    1.1571    0.0000    1.0000   C   
    4  C3       0.6632    0.5167    1.0798    0.0000    1.0000   C   
    4  C61      0.8235    0.5452    1.0389    0.0000    1.0000   C   
    4  C40      0.4956    0.6660    1.0117    0.0000    1.0000   C   
    4  C16      1.2093    0.7600    0.8487    0.0000    1.0000   C   
    4  C13      1.0434    0.8444    0.7927    0.0000    1.0000   C   
    4  C11      1.1750    0.5345    1.1215    0.0000    1.0000   C   
    4  C19      0.5235    0.9460    0.8626    0.0000    1.0000   C   
    4  C51      0.8163    0.5487    0.6580    0.0000    1.0000   C   
    4  C27      0.9211    0.7742    0.8419    0.0000    1.0000   C   
    4  C31      0.9640    0.7505    1.0538    0.0000    1.0000   C   
    4  C60      0.9364    0.5475    1.0713    0.0000    1.0000   C   
    4  C52      0.7718    0.5317    0.5692    0.0000    1.0000   C   
    4  C24      0.5860    0.8425    0.8825    0.0000    1.0000   C   
    4  C22      0.6756    0.9158    0.8197    0.0000    1.0000   C   
    4  C6       0.7643    0.4128    1.1677    0.0000    1.0000   C   
    4  C43      0.7571    0.5838    0.7075    0.0000    1.0000   C   
    4  C20      0.5149    0.8868    0.8902    0.0000    1.0000   C   
    4  C15      1.2257    0.8143    0.8107    0.0000    1.0000   C   
    4  C8       1.2846    0.6368    1.0962    0.0000    1.0000   C   
    4  C49      0.3063    0.6367    0.5384    0.0000    1.0000   C   
    4  C55      0.8327    0.4986    0.5289    0.0000    1.0000   C   
    4  C7       1.1734    0.6341    1.0598    0.0000    1.0000   C   
    4  C18      1.0266    0.7903    0.8309    0.0000    1.0000   C   
    4  C45      0.4712    0.6420    0.6644    0.0000    1.0000   C   
    4  C4       0.6107    0.4798    1.1228    0.0000    1.0000   C   
    4  C29      0.9439    0.8115    1.1704    0.0000    1.0000   C   
    4  C54      0.9379    0.4819    0.5763    0.0000    1.0000   C   
    4  C53      0.9839    0.4999    0.6644    0.0000    1.0000   C   
    4  C38      0.6334    0.7255    1.1147    0.0000    1.0000   C   
    4  C59      0.9969    0.5843    1.0338    0.0000    1.0000   C   
    4  C48      0.2611    0.6822    0.5750    0.0000    1.0000   C   
    4  C21      0.6038    0.9602    0.8273    0.0000    1.0000   C   
    4  C47      0.3200    0.7070    0.6571    0.0000    1.0000   C   
    4  C17      1.1104    0.7478    0.8583    0.0000    1.0000   C   
    4  C28      1.0072    0.7923    1.1215    0.0000    1.0000   C   
    4  C42      0.6471    0.5974    0.6669    0.0000    1.0000   C   
    4  C26      0.8462    0.8202    0.8404    0.0000    1.0000   C   
    4  C1       0.7674    0.5024    1.0813    0.0000    1.0000   C   
    4  C39      0.5326    0.6988    1.0904    0.0000    1.0000   C   
    4  C34      0.8037    0.7459    1.0821    0.0000    1.0000   C   
    4  C2       0.8165    0.4493    1.1238    0.0000    1.0000   C   
    4  C37      0.6955    0.7187    1.0597    0.0000    1.0000   C   
    4  C30      0.8408    0.7880    1.1500    0.0000    1.0000   C   
    4  C14      1.1425    0.8566    0.7827    0.0000    1.0000   C   
    4  C25      0.7433    0.8067    0.8440    0.0000    1.0000   C   
    4  Dy1      0.7875    0.6602    0.8974    0.0000    1.0000   Dy  
    4  H35      0.5392    0.6351    0.8999    0.0000    1.0000   H   
    4  H9       1.4291    0.5901    1.1736    0.0000    1.0000   H   
    4  H50      0.9575    0.5483    0.7725    0.0000    1.0000   H   
    4  H41      0.4436    0.5804    0.5544    0.0000    1.0000   H   
    4  H46      0.4726    0.7072    0.7643    0.0000    1.0000   H   
    4  H5       0.6227    0.4000    1.2034    0.0000    1.0000   H   
    4  H10      1.3308    0.4980    1.1931    0.0000    1.0000   H   
    4  H3       0.6249    0.5570    1.0450    0.0000    1.0000   H   
    4  H40      0.4181    0.6435    0.9902    0.0000    1.0000   H   
    4  H16      1.2741    0.7269    0.8709    0.0000    1.0000   H   
    4  H13      0.9792    0.8771    0.7686    0.0000    1.0000   H   
    4  H11      1.1341    0.4938    1.1302    0.0000    1.0000   H   
    4  H19      0.4670    0.9805    0.8673    0.0000    1.0000   H   
    4  H31      1.0099    0.7344    1.0136    0.0000    1.0000   H   
    4  H60      0.9786    0.5198    1.1277    0.0000    1.0000   H   
    4  H52      0.6903    0.5443    0.5302    0.0000    1.0000   H   
    4  H24      0.5803    0.7963    0.9034    0.0000    1.0000   H   
    4  H22      0.7356    0.9275    0.7900    0.0000    1.0000   H   
    4  H6       0.8035    0.3722    1.2013    0.0000    1.0000   H   
    4  H20      0.4520    0.8751    0.9173    0.0000    1.0000   H   
    4  H15      1.3023    0.8239    0.8023    0.0000    1.0000   H   
    4  H8       1.3256    0.6771    1.0861    0.0000    1.0000   H   
    4  H49      0.2599    0.6168    0.4750    0.0000    1.0000   H   
    4  H55      0.7971    0.4860    0.4596    0.0000    1.0000   H   
    4  H7       1.1281    0.6715    1.0210    0.0000    1.0000   H   
    4  H4       0.5307    0.4915    1.1213    0.0000    1.0000   H   
    4  H29      0.9738    0.8437    1.2247    0.0000    1.0000   H   
    4  H54      0.9846    0.4556    0.5452    0.0000    1.0000   H   
    4  H53      1.0669    0.4881    0.7023    0.0000    1.0000   H   
    4  H38      0.6634    0.7503    1.1766    0.0000    1.0000   H   
    4  H48      0.1808    0.6981    0.5388    0.0000    1.0000   H   
    4  H21      0.6104    1.0061    0.8046    0.0000    1.0000   H   
    4  H47      0.2847    0.7420    0.6862    0.0000    1.0000   H   
    4  H17      1.0954    0.7051    0.8861    0.0000    1.0000   H   
    4  H28      1.0880    0.8093    1.1350    0.0000    1.0000   H   
    4  H42      0.6092    0.5876    0.5973    0.0000    1.0000   H   
    4  H26      0.8687    0.8667    0.8385    0.0000    1.0000   H   
    4  H39      0.4845    0.7033    1.1330    0.0000    1.0000   H   
    4  H2       0.8943    0.4358    1.1211    0.0000    1.0000   H   
    4  H30      0.7908    0.8022    1.1875    0.0000    1.0000   H   
    4  H14      1.1546    0.8984    0.7526    0.0000    1.0000   H   
    4  N1       0.6608    0.6862    0.9844    0.0000    1.0000   N   
    4  N2       0.8647    0.7277    1.0339    0.0000    1.0000   N   
    4  O4       0.6205    0.6373    0.7952    0.0000    1.0000   O   
    4  O2       0.9567    0.6198    0.9691    0.0000    1.0000   O   
    4  O6       0.7085    0.7532    0.8458    0.0000    1.0000   O   
    4  O1       0.7640    0.5784    0.9769    0.0000    1.0000   O   
    4  O3       0.8116    0.6001    0.7851    0.0000    1.0000   O   
    4  O5       0.9073    0.7189    0.8546    0.0000    1.0000   O   
 Group of K :   1   1
 Vectors in the star:     0.0000    0.0000    0.0000


 No constraints on susceptibility tensor for Dy1

 Magnetic structure type PARA
+                              Aligned Paramagnetic

 Scattering factors read for given atomic positions:
 Name  Type          Description

 C       1  Neutron nuclear scattering factor value    0.6650
            applies to C12 C35 C9 C23 C50 C41 C44 C46 C5 C10 C3 C61 C40 C16 C13
            applies to C11 C19 C51 C27 C31 C60 C52 C24 C22 C6 C43 C20 C15 C8 C49
            applies to C55 C7 C18 C45 C4 C29 C54 C53 C38 C59 C48 C21 C47 C17 C28
            applies to C42 C26 C1 C39 C34 C2 C37 C30 C14 C25

 Dy      1  Neutron nuclear scattering factor value    1.6900
            applies to Dy1

 H       1  Neutron nuclear scattering factor value   -0.3740
            applies to H35 H9 H50 H41 H46 H5 H10 H3 H40 H16 H13 H11 H19 H31 H60
            applies to H52 H24 H22 H6 H20 H15 H8 H49 H55 H7 H4 H29 H54 H53 H38
            applies to H48 H21 H47 H17 H28 H42 H26 H39 H2 H30 H14

 N       1  Neutron nuclear scattering factor value    0.9360
            applies to N1 N2

 O       1  Neutron nuclear scattering factor value    0.5805
            applies to O4 O2 O6 O1 O3 O5

 Dym     3  Form factors given in table with   20 entries multiplied by    1.0000
           Table is:
       0.00    0.9999      0.05    0.9886      0.10    0.9557      0.15    0.9047      0.20    0.8401
       0.25    0.7671      0.30    0.6903      0.40    0.5400      0.50    0.4071      0.60    0.2980
       0.70    0.2130      0.80    0.1490      0.90    0.1021      1.00    0.0684      1.10    0.0446
       1.20    0.0287      1.30    0.0187      1.40    0.0133      1.50    0.0112      1.60    0.0115

 Anisotropic temperature factors:
 atom  type    11        22        33        23        13        12
 C12     3    0.0084    0.0084    0.0093    0.0003    0.0029   -0.0004
 C35     3    0.0084    0.0131    0.0094   -0.0029    0.0036   -0.0019
 C9      3    0.0081    0.0119    0.0145    0.0012    0.0031    0.0007
 C23     3    0.0113    0.0095    0.0104    0.0006    0.0050    0.0009
 C50     3    0.0097    0.0125    0.0092   -0.0004    0.0033    0.0030
 C41     3    0.0100    0.0137    0.0090   -0.0010    0.0020    0.0005
 C44     3    0.0079    0.0108    0.0082   -0.0001    0.0034    0.0002
 C46     3    0.0097    0.0107    0.0113   -0.0001    0.0037    0.0012
 C5      3    0.0134    0.0128    0.0119    0.0013    0.0062   -0.0027
 C10     3    0.0089    0.0117    0.0119    0.0011    0.0024    0.0011
 C3      3    0.0106    0.0111    0.0127    0.0022    0.0058    0.0002
 C61     3    0.0075    0.0091    0.0086    0.0011    0.0028   -0.0011
 C40     3    0.0094    0.0142    0.0118   -0.0030    0.0047   -0.0025
 C16     3    0.0103    0.0139    0.0142    0.0009    0.0048    0.0003
 C13     3    0.0114    0.0114    0.0133    0.0027    0.0061   -0.0004
 C11     3    0.0090    0.0094    0.0101    0.0007    0.0031    0.0004
 C19     3    0.0130    0.0121    0.0139    0.0001    0.0046    0.0033
 C51     3    0.0085    0.0114    0.0086   -0.0014    0.0029    0.0007
 C27     3    0.0102    0.0079    0.0103    0.0009    0.0048   -0.0004
 C31     3    0.0088    0.0122    0.0120   -0.0029    0.0049   -0.0020
 C60     3    0.0079    0.0109    0.0106    0.0026    0.0030   -0.0003
 C52     3    0.0115    0.0162    0.0088   -0.0032    0.0026    0.0024
 C24     3    0.0106    0.0113    0.0145    0.0007    0.0059    0.0010
 C22     3    0.0127    0.0096    0.0126    0.0024    0.0059    0.0027
 C6      3    0.0129    0.0108    0.0127    0.0025    0.0046   -0.0012
 C43     3    0.0076    0.0101    0.0079    0.0000    0.0024    0.0007
 C20     3    0.0106    0.0128    0.0147   -0.0003    0.0060    0.0011
 C15     3    0.0115    0.0144    0.0150   -0.0005    0.0066   -0.0029
 C8      3    0.0092    0.0107    0.0139    0.0007    0.0037   -0.0017
 C49     3    0.0095    0.0182    0.0100    0.0000    0.0014    0.0020
 C55     3    0.0142    0.0184    0.0095   -0.0036    0.0042    0.0035
 C7      3    0.0083    0.0098    0.0120    0.0018    0.0034    0.0003
 C18     3    0.0103    0.0092    0.0106    0.0010    0.0053   -0.0004
 C45     3    0.0086    0.0105    0.0083    0.0000    0.0025    0.0009
 C4      3    0.0115    0.0130    0.0139    0.0014    0.0066   -0.0008
 C29     3    0.0098    0.0121    0.0111   -0.0035    0.0034   -0.0019
 C54     3    0.0135    0.0151    0.0107   -0.0018    0.0058    0.0035
 C53     3    0.0114    0.0135    0.0119   -0.0006    0.0049    0.0028
 C38     3    0.0099    0.0160    0.0103   -0.0039    0.0055   -0.0020
 C59     3    0.0078    0.0096    0.0083    0.0012    0.0032   -0.0001
 C48     3    0.0114    0.0192    0.0127    0.0031    0.0042    0.0038
 C21     3    0.0147    0.0097    0.0139    0.0010    0.0054    0.0030
 C47     3    0.0109    0.0144    0.0133    0.0019    0.0048    0.0041
 C17     3    0.0093    0.0108    0.0125    0.0010    0.0047    0.0001
 C28     3    0.0096    0.0120    0.0121   -0.0033    0.0041   -0.0025
 C42     3    0.0083    0.0126    0.0087   -0.0014    0.0030    0.0016
 C26     3    0.0102    0.0086    0.0156    0.0003    0.0064    0.0000
 C1      3    0.0079    0.0098    0.0097    0.0011    0.0041   -0.0006
 C39     3    0.0109    0.0175    0.0127   -0.0049    0.0066   -0.0033
 C34     3    0.0081    0.0097    0.0084   -0.0019    0.0027   -0.0013
 C2      3    0.0106    0.0094    0.0109    0.0028    0.0034    0.0005
 C37     3    0.0070    0.0100    0.0093   -0.0015    0.0035   -0.0007
 C30     3    0.0098    0.0115    0.0113   -0.0038    0.0045   -0.0011
 C14     3    0.0131    0.0132    0.0163    0.0015    0.0079   -0.0023
 C25     3    0.0088    0.0079    0.0111    0.0010    0.0049    0.0005
 Dy1     3    0.0055    0.0056    0.0053    0.0001    0.0023    0.0000
 H35     3    0.0244    0.0310    0.0213   -0.0128    0.0090   -0.0081
 H9      3    0.0130    0.0310    0.0352    0.0044    0.0047   -0.0013
 H50     3    0.0235    0.0340    0.0148   -0.0040    0.0030    0.0044
 H41     3    0.0244    0.0280    0.0249   -0.0090    0.0060    0.0060
 H46     3    0.0270    0.0257    0.0211   -0.0076    0.0048    0.0014
 H5      3    0.0300    0.0300    0.0327    0.0105    0.0178   -0.0029
 H10     3    0.0192    0.0217    0.0360    0.0100    0.0055    0.0052
 H3      3    0.0241    0.0222    0.0381    0.0114    0.0133    0.0079
 H40     3    0.0176    0.0370    0.0287   -0.0097    0.0089   -0.0098
 H16     3    0.0214    0.0280    0.0410    0.0053    0.0110    0.0076
 H13     3    0.0260    0.0222    0.0420    0.0106    0.0158    0.0085
 H11     3    0.0240    0.0178    0.0315    0.0040    0.0086   -0.0043
 H19     3    0.0280    0.0240    0.0380    0.0000    0.0162    0.0097
 H31     3    0.0234    0.0350    0.0253   -0.0092    0.0148   -0.0020
 H60     3    0.0183    0.0300    0.0217    0.0122    0.0037    0.0020
 H52     3    0.0200    0.0420    0.0248   -0.0072    0.0024    0.0081
 H24     3    0.0310    0.0154    0.0400    0.0051    0.0190    0.0029
 H22     3    0.0330    0.0238    0.0390    0.0051    0.0245    0.0019
 H6      3    0.0270    0.0234    0.0352    0.0119    0.0100    0.0050
 H20     3    0.0260    0.0270    0.0410   -0.0002    0.0212   -0.0013
 H15     3    0.0203    0.0360    0.0390    0.0023    0.0153   -0.0052
 H8      3    0.0186    0.0250    0.0387    0.0080    0.0080   -0.0050
 H49     3    0.0250    0.0420    0.0196   -0.0083   -0.0007    0.0000
 H55     3    0.0330    0.0430    0.0177   -0.0113    0.0039    0.0073
 H7      3    0.0201    0.0232    0.0332    0.0112    0.0057    0.0044
 H4      3    0.0200    0.0320    0.0390    0.0072    0.0166    0.0023
 H29     3    0.0280    0.0310    0.0255   -0.0152    0.0074   -0.0066
 H54     3    0.0310    0.0350    0.0261   -0.0072    0.0149    0.0080
 H53     3    0.0180    0.0370    0.0290   -0.0033    0.0059    0.0064
 H38     3    0.0270    0.0360    0.0218   -0.0138    0.0103   -0.0105
 H48     3    0.0200    0.0450    0.0310    0.0029    0.0061    0.0122
 H21     3    0.0350    0.0182    0.0370    0.0068    0.0178    0.0034
 H47     3    0.0270    0.0330    0.0300   -0.0046    0.0100    0.0136
 H17     3    0.0250    0.0205    0.0328    0.0102    0.0125    0.0018
 H28     3    0.0161    0.0350    0.0334   -0.0107    0.0099   -0.0089
 H42     3    0.0239    0.0380    0.0178   -0.0075    0.0050    0.0022
 H26     3    0.0280    0.0152    0.0420    0.0017    0.0176   -0.0016
 H39     3    0.0290    0.0450    0.0316   -0.0154    0.0213   -0.0096
 H2      3    0.0194    0.0258    0.0319    0.0069    0.0107    0.0049
 H30     3    0.0229    0.0340    0.0272   -0.0102    0.0146   -0.0010
 H14     3    0.0330    0.0260    0.0400    0.0131    0.0180   -0.0034
 N1      3    0.0088    0.0105    0.0087   -0.0012    0.0040   -0.0014
 N2      3    0.0083    0.0114    0.0091   -0.0021    0.0040   -0.0012
 O4      3    0.0095    0.0128    0.0088   -0.0021    0.0033    0.0006
 O2      3    0.0091    0.0106    0.0105    0.0023    0.0041    0.0003
 O6      3    0.0110    0.0084    0.0128    0.0014    0.0048    0.0005
 O1      3    0.0085    0.0095    0.0097    0.0016    0.0026    0.0001
 O3      3    0.0096    0.0118    0.0082   -0.0016    0.0031    0.0008
 O5      3    0.0107    0.0087    0.0133    0.0016    0.0071    0.0001



                             Least Squares Refinement
                      Paramagnetic structure factors program

    3 cycles of refinement with first numbered   1

 Printing of obs and calc values wanted
 last cycle

 Correlations exceeding  70 per cent to be printed

 Cycles to stop if max(shift/esd) <     0.0100

 Scale factor(s) :
   1.0000    
 Refine using polarised neutron Flipping Ratios

 Weights to be read with reflection data

 No L TFAC card read - assuming TFAC=0. and fixed

 Sigma read from reflection data - weight is 1/sigma squared

 No extinction correction

 Magnetic susceptibilities and form factors with respect to crystallographic axes are:
     Atom     Form        Susceptibility Tensor Components
             factor     11      22      33      23      31      12
     Dy1      Dym     0.5500  7.8100  3.1600 -4.7200  1.1000 -1.7400

 No variables

 Input file  199.ext opened
 Refine using polarised neutron Flipping Ratios
Wavelength      1.4000
U Matrix:      -0.2056  0.8439  0.4956
               -0.7930 -0.4404  0.4208
                0.5734 -0.3065  0.7598
Polarisation   -0.7800  0.7800 parallel to  0.0000  0.0000 -1.0000
Magnetic Field    0.50 T
 Data input as h,k,l,Gobs,Sigma,4 coeffs,(Scale)
 Measurement set number:  1    1 Observations read from 199.ext Weight 1.000


 R1=Sum diffs/Sum obs =   16.89    
 R2=Sum of diffs of squares/Sum obs squared =    30.93    
 Chi squared =    285.     Sum weighted diffs sqrd =    285.    
 For     1 observations and   0 basic variables
 R3=Sum weighted diffs/Sum weighted obs =    16.89    
 R4=Sum weighted diffs of squares/Sum weighted squares obs =   30.93    





1Shifts in variables for cycle  1


 Average SHIFT/ESD for cycle   1 is undefined, Maximum SHIFT/ESD =     0.0000    


 Structure factor listing :
     h    k    l     G(obs)   G(calc)     Diff   F(nucl)    F(mag)    mod Fc    Scale    Weight
     4    4    4     1.000     0.831     0.169    2.3193    1.7474    2.9040    1.0000  0.1000E+05

 R1=Sum diffs/Sum obs =   16.89    
 R2=Sum of diffs of squares/Sum obs squared =    30.93    
 Chi squared =    285.     Sum weighted diffs sqrd =    285.    
 For     1 observations and   0 basic variables
 R3=Sum weighted diffs/Sum weighted obs =    16.89    
 R4=Sum weighted diffs of squares/Sum weighted squares obs =   30.93    





1Shifts in variables for cycle  2


 Average SHIFT/ESD for cycle   2 is undefined, Maximum SHIFT/ESD =     0.0000    

 No correlations found above  70 per cent

 Magnetisation elipsoid for Dy1 
 Principal axes:     chi (muB/T)    x       y       z
                       11.146      0.191  -0.833   0.519
                        0.226     -0.184  -0.549  -0.815
                        0.147      0.964   0.060  -0.258

 Induced moments with field  0.50 T, parallel to   0.000   0.000  -1.000
 Operator      Atom Position            x       y       z
    1      0.7875  0.6602  0.8974    -0.550   2.360  -1.580
    2     -0.7875  1.1602 -0.3974    -0.550  -2.360  -1.580
