
                    * * * C H I L S Q * * *

         Cambridge Crystallography Subroutine Library   Mark 4.40 Update:4.4.13

                    Job run on Mon Apr 25 13:30:13 2016

 Crystal data file  dy.cry opened

 Data read by PREFIN from file dy.cry
      117 cards  labelled A
        1 card   labelled C
        6 cards  labelled D
        9 cards  labelled F
        2 cards  labelled I
        4 cards  labelled L
        1 card   labelled N
        1 card   labelled P
        3 cards  labelled Q
        1 card   labelled S
       52 cards  labelled T
  DyDBMbpy RX 20K avec H calculés triclinic P-1

     Centrosymmetric space group with  2 operator(s)

 The group is generated by the
 centre of symmetry.

 General equivalent positions are:
       0                   0                   0       +-

  1      x                   y                   z       

 Real cell         11.0340   12.2290   17.5340   77.10   85.70   69.69
 Volume =  2162.8428

 Reciprocal cell    0.0966    0.0892    0.0585  102.17   89.84  109.87
 Volume =   0.4624E-03


 Real cell quadratic products:
 A (=a  sqrd)     B            C   D (=b c cos alpha)  E          F 
    121.74917   149.54845   307.44116    47.87004    14.50616    46.83577

 Reciprocal cell quadratic products:
 A*(=a* sqrd)     B*          C*  D*(=b*c*cos alpha*)  E*         F*
      0.00934     0.00796     0.00342    -0.00110     0.00002    -0.00293

 Matrices for transformation of vectors to orthogonal axes
 Real space:
   10.3480    0.0000    0.0000
    3.7396   11.9204    0.0000
    0.8273    2.7301   17.5340

 Reciprocal space:
    0.0966   -0.0303    0.0002
    0.0000    0.0839   -0.0131
    0.0000    0.0000    0.0570


 Atoms in the unit cell are
  Mult Name       X         Y         Z        ITF      Site  Scat Fac Sub-Group
    2  Dy1      0.8892    0.5511    0.2346    0.0000    1.0000   Dy  
    2  N1       1.1018    0.5046    0.1555    0.0000    1.0000   N   
    2  N2       0.9120    0.4317    0.1265    0.0000    1.0000   N   
    2  O1       1.0288    0.3647    0.2895    0.0000    1.0000   O   
    2  O2       0.7657    0.4329    0.2843    0.0000    1.0000   O   
    2  O3       1.0171    0.5904    0.3194    0.0000    1.0000   O   
    2  O4       0.7509    0.6667    0.3119    0.0000    1.0000   O   
    2  O5       0.9108    0.7296    0.1657    0.0000    1.0000   O   
    2  O6       0.7084    0.6518    0.1529    0.0000    1.0000   O   
    2  C1       1.1942    0.5428    0.1731    0.0000    1.0000   C   
    2  C2       1.3196    0.5060    0.1441    0.0000    1.0000   C   
    2  C3       1.3508    0.4249    0.0954    0.0000    1.0000   C   
    2  C4       1.2551    0.3861    0.0759    0.0000    1.0000   C   
    2  C5       1.1311    0.4286    0.1066    0.0000    1.0000   C   
    2  C6       1.0234    0.3929    0.0872    0.0000    1.0000   C   
    2  C7       1.0346    0.3272    0.0296    0.0000    1.0000   C   
    2  C8       0.9288    0.2987    0.0138    0.0000    1.0000   C   
    2  C9       0.8152    0.3360    0.0556    0.0000    1.0000   C   
    2  C10      0.8109    0.4035    0.1109    0.0000    1.0000   C   
    2  C11      1.2658    0.2071    0.3106    0.0000    1.0000   C   
    2  C12      1.1637    0.0803    0.2629    0.0000    1.0000   C   
    2  C13      1.1617    0.0808    0.4062    0.0000    1.0000   C   
    2  C14      1.1542    0.1571    0.3231    0.0000    1.0000   C   
    2  C15      1.0241    0.2609    0.3108    0.0000    1.0000   C   
    2  C16      0.9080    0.2351    0.3245    0.0000    1.0000   C   
    2  C17      0.7851    0.3234    0.3136    0.0000    1.0000   C   
    2  C18      0.6622    0.2913    0.3364    0.0000    1.0000   C   
    2  C19      0.6882    0.1628    0.3814    0.0000    1.0000   C   
    2  C20      0.5780    0.3771    0.3867    0.0000    1.0000   C   
    2  C21      0.5888    0.3115    0.2606    0.0000    1.0000   C   
    2  C22      1.2406    0.5838    0.3774    0.0000    1.0000   C   
    2  C23      1.1100    0.5929    0.5002    0.0000    1.0000   C   
    2  C24      1.1145    0.6528    0.4132    0.0000    1.0000   C   
    2  C25      1.1108    0.7810    0.4080    0.0000    1.0000   C   
    2  C26      0.9965    0.6529    0.3708    0.0000    1.0000   C   
    2  C27      0.8720    0.7199    0.3937    0.0000    1.0000   C   
    2  C28      0.7567    0.7199    0.3653    0.0000    1.0000   C   
    2  C29      0.6244    0.7874    0.3976    0.0000    1.0000   C   
    2  C30      0.5454    0.7029    0.4153    0.0000    1.0000   C   
    2  C31      0.5566    0.8957    0.3332    0.0000    1.0000   C   
    2  C32      0.6328    0.8315    0.4714    0.0000    1.0000   C   
    2  C33      1.0191    0.8970    0.1531    0.0000    1.0000   C   
    2  C34      0.8033    1.0128    0.1984    0.0000    1.0000   C   
    2  C35      0.8422    1.0158    0.0546    0.0000    1.0000   C   
    2  C36      0.8729    0.9392    0.1377    0.0000    1.0000   C   
    2  C37      0.8270    0.8319    0.1465    0.0000    1.0000   C   
    2  C38      0.6947    0.8534    0.1328    0.0000    1.0000   C   
    2  C39      0.6423    0.7626    0.1376    0.0000    1.0000   C   
    2  C40      0.4960    0.7930    0.1239    0.0000    1.0000   C   
    2  C41      0.4174    0.9265    0.1080    0.0000    1.0000   C   
    2  C42      0.4821    0.7414    0.0539    0.0000    1.0000   C   
    2  C43      0.4422    0.7300    0.1977    0.0000    1.0000   C   
    2  H1       1.1732    0.5975    0.2069    1.5791    1.0000   H   
    2  H2       1.3824    0.5357    0.1574    1.8160    1.0000   H   
    2  H3       1.4360    0.3965    0.0757    2.1318    1.0000   H   
    2  H4       1.2738    0.3314    0.0421    1.9739    1.0000   H   
    2  H7       1.1131    0.3024    0.0017    1.7371    1.0000   H   
    2  H8       0.9342    0.2542   -0.0251    1.8950    1.0000   H   
    2  H9       0.7423    0.3160    0.0468    1.8950    1.0000   H   
    2  H10      0.7328    0.4306    0.1387    1.5791    1.0000   H   
    2  H11A     1.3484    0.1410    0.3187    2.4477    1.0000   H   
    2  H11B     1.2581    0.2580    0.3479    2.4477    1.0000   H   
    2  H11C     1.2620    0.2541    0.2571    2.4477    1.0000   H   
    2  H12A     1.1585    0.1293    0.2100    2.5266    1.0000   H   
    2  H12B     1.0923    0.0486    0.2709    2.5266    1.0000   H   
    2  H12C     1.2462    0.0141    0.2695    2.5266    1.0000   H   
    2  H13A     1.2472    0.0190    0.4147    2.2897    1.0000   H   
    2  H13B     1.0953    0.0432    0.4125    2.2897    1.0000   H   
    2  H13C     1.1474    0.1316    0.4444    2.2897    1.0000   H   
    2  H16      0.9134    0.1542    0.3419    1.5002    1.0000   H   
    2  H19A     0.7400    0.1076    0.3489    2.6056    1.0000   H   
    2  H19B     0.6059    0.1492    0.3942    2.6056    1.0000   H   
    2  H19C     0.7353    0.1492    0.4297    2.6056    1.0000   H   
    2  H20A     0.6216    0.3616    0.4366    2.8424    1.0000   H   
    2  H20B     0.4945    0.3648    0.3965    2.8424    1.0000   H   
    2  H20C     0.5640    0.4595    0.3591    2.8424    1.0000   H   
    2  H21A     0.5729    0.3933    0.2312    2.8424    1.0000   H   
    2  H21B     0.5061    0.2987    0.2735    2.8424    1.0000   H   
    2  H21C     0.6405    0.2552    0.2288    2.8424    1.0000   H   
    2  H22A     1.3139    0.5795    0.4076    3.4741    1.0000   H   
    2  H22B     1.2468    0.6246    0.3232    3.4741    1.0000   H   
    2  H22C     1.2419    0.5029    0.3785    3.4741    1.0000   H   
    2  H23A     1.1179    0.5095    0.5044    3.0004    1.0000   H   
    2  H23B     1.0277    0.6349    0.5229    3.0004    1.0000   H   
    2  H23C     1.1816    0.5964    0.5283    3.0004    1.0000   H   
    2  H25A     1.1857    0.7794    0.4355    3.0004    1.0000   H   
    2  H25B     1.0312    0.8253    0.4321    3.0004    1.0000   H   
    2  H25C     1.1131    0.8202    0.3529    3.0004    1.0000   H   
    2  H27      0.8663    0.7677    0.4307    1.5002    1.0000   H   
    2  H30A     0.5417    0.6728    0.3685    2.3687    1.0000   H   
    2  H30B     0.4575    0.7463    0.4306    2.3687    1.0000   H   
    2  H30C     0.5865    0.6358    0.4581    2.3687    1.0000   H   
    2  H31A     0.6018    0.9536    0.3260    2.2897    1.0000   H   
    2  H31B     0.4669    0.9329    0.3485    2.2897    1.0000   H   
    2  H31C     0.5579    0.8697    0.2841    2.2897    1.0000   H   
    2  H32A     0.6784    0.7635    0.5125    2.8424    1.0000   H   
    2  H32B     0.5455    0.8712    0.4892    2.8424    1.0000   H   
    2  H32C     0.6800    0.8879    0.4597    2.8424    1.0000   H   
    2  H33A     1.0465    0.9664    0.1476    2.2108    1.0000   H   
    2  H33B     1.0655    0.8492    0.1151    2.2108    1.0000   H   
    2  H33C     1.0383    0.8484    0.2062    2.2108    1.0000   H   
    2  H34A     0.8230    0.9629    0.2511    3.1583    1.0000   H   
    2  H34B     0.7098    1.0415    0.1894    3.1583    1.0000   H   
    2  H34C     0.8326    1.0811    0.1935    3.1583    1.0000   H   
    2  H35A     0.8776    1.0807    0.0475    2.7635    1.0000   H   
    2  H35B     0.7483    1.0496    0.0469    2.7635    1.0000   H   
    2  H35C     0.8810    0.9662    0.0163    2.7635    1.0000   H   
    2  H38      0.6385    0.9338    0.1196    1.5002    1.0000   H   
    2  H41A     0.4250    0.9594    0.1528    2.2897    1.0000   H   
    2  H41B     0.3265    0.9381    0.1000    2.2897    1.0000   H   
    2  H41C     0.4505    0.9674    0.0610    2.2897    1.0000   H   
    2  H42A     0.5086    0.7861    0.0059    2.3687    1.0000   H   
    2  H42B     0.3918    0.7481    0.0490    2.3687    1.0000   H   
    2  H42C     0.5371    0.6573    0.0622    2.3687    1.0000   H   
    2  H43A     0.4946    0.6452    0.2100    2.2897    1.0000   H   
    2  H43B     0.3526    0.7388    0.1882    2.2897    1.0000   H   
    2  H43C     0.4452    0.7662    0.2417    2.2897    1.0000   H   
 Group of K :   1
 Vectors in the star:     0.0000    0.0000    0.0000


 No constraints on susceptibility tensor for Dy1

 Magnetic structure type PARA
+                              Aligned Paramagnetic

 Scattering factors read for given atomic positions:
 Name  Type          Description

 Dy      1  Neutron nuclear scattering factor value    1.6900
            applies to Dy1

 N       1  Neutron nuclear scattering factor value    0.9360
            applies to N1 N2

 O       1  Neutron nuclear scattering factor value    0.5805
            applies to O1 O2 O3 O4 O5 O6

 C       1  Neutron nuclear scattering factor value    0.6650
            applies to C1 C2 C3 C4 C5 C6 C7 C8 C9 C10 C11 C12 C13 C14 C15 C16
            applies to C17 C18 C19 C20 C21 C22 C23 C24 C25 C26 C27 C28 C29 C30
            applies to C31 C32 C33 C34 C35 C36 C37 C38 C39 C40 C41 C42 C43

 H       1  Neutron nuclear scattering factor value   -0.3740
            applies to H1 H2 H3 H4 H7 H8 H9 H10 H11A H11B H11C H12A H12B H12C
            applies to H13A H13B H13C H16 H19A H19B H19C H20A H20B H20C H21A H21B
            applies to H21C H22A H22B H22C H23A H23B H23C H25A H25B H25C H27 H30A
            applies to H30B H30C H31A H31B H31C H32A H32B H32C H33A H33B H33C
            applies to H34A H34B H34C H35A H35B H35C H38 H41A H41B H41C H42A H42B
            applies to H42C H43A H43B H43C

 Dym     3  Form factors given in table with   20 entries multiplied by    1.0000
           Table is:
       0.00    0.9999      0.05    0.9886      0.10    0.9557      0.15    0.9047      0.20    0.8401
       0.25    0.7671      0.30    0.6903      0.40    0.5400      0.50    0.4071      0.60    0.2980
       0.70    0.2130      0.80    0.1490      0.90    0.1021      1.00    0.0684      1.10    0.0446
       1.20    0.0287      1.30    0.0187      1.40    0.0133      1.50    0.0112      1.60    0.0115

 Anisotropic temperature factors:
 atom  type    11        22        33        23        13        12
 Dy1     3    0.0085    0.0098    0.0141   -0.0041    0.0004   -0.0026
 N1      3    0.0120    0.0145    0.0178   -0.0064    0.0020   -0.0049
 N2      3    0.0128    0.0154    0.0168   -0.0066    0.0007   -0.0052
 O1      3    0.0112    0.0115    0.0217   -0.0034   -0.0007   -0.0031
 O2      3    0.0106    0.0122    0.0205   -0.0033    0.0010   -0.0037
 O3      3    0.0109    0.0156    0.0199   -0.0079    0.0000   -0.0034
 O4      3    0.0115    0.0175    0.0192   -0.0096    0.0008   -0.0032
 O5      3    0.0124    0.0121    0.0232   -0.0032   -0.0005   -0.0032
 O6      3    0.0136    0.0125    0.0211   -0.0035   -0.0033   -0.0028
 C1      3    0.0132    0.0181    0.0204   -0.0078    0.0017   -0.0062
 C2      3    0.0126    0.0239    0.0238   -0.0090    0.0015   -0.0067
 C3      3    0.0130    0.0293    0.0285   -0.0143    0.0053   -0.0071
 C4      3    0.0141    0.0245    0.0262   -0.0138    0.0051   -0.0054
 C5      3    0.0126    0.0153    0.0178   -0.0066    0.0023   -0.0044
 C6      3    0.0144    0.0142    0.0161   -0.0061    0.0014   -0.0048
 C7      3    0.0203    0.0182    0.0188   -0.0090    0.0035   -0.0079
 C8      3    0.0246    0.0204    0.0198   -0.0097    0.0014   -0.0105
 C9      3    0.0210    0.0215    0.0215   -0.0085   -0.0004   -0.0106
 C10     3    0.0154    0.0195    0.0195   -0.0079    0.0003   -0.0077
 C11     3    0.0114    0.0173    0.0312   -0.0020   -0.0009   -0.0034
 C12     3    0.0187    0.0194    0.0255   -0.0106    0.0007   -0.0017
 C13     3    0.0168    0.0173    0.0213   -0.0012   -0.0027   -0.0035
 C14     3    0.0113    0.0127    0.0199   -0.0040   -0.0003   -0.0015
 C15     3    0.0103    0.0120    0.0173   -0.0039    0.0000   -0.0025
 C16     3    0.0111    0.0123    0.0236   -0.0035    0.0010   -0.0036
 C17     3    0.0103    0.0128    0.0180   -0.0042    0.0015   -0.0041
 C18     3    0.0115    0.0158    0.0214   -0.0055    0.0029   -0.0055
 C19     3    0.0179    0.0179    0.0303   -0.0031    0.0044   -0.0083
 C20     3    0.0182    0.0230    0.0343   -0.0129    0.0121   -0.0090
 C21     3    0.0174    0.0295    0.0283   -0.0044   -0.0028   -0.0121
 C22     3    0.0119    0.0404    0.0406   -0.0244   -0.0004   -0.0050
 C23     3    0.0219    0.0308    0.0241    0.0011   -0.0070   -0.0124
 C24     3    0.0123    0.0164    0.0207   -0.0063   -0.0019   -0.0046
 C25     3    0.0225    0.0193    0.0363   -0.0053   -0.0066   -0.0099
 C26     3    0.0108    0.0133    0.0173   -0.0053   -0.0007   -0.0035
 C27     3    0.0116    0.0181    0.0201   -0.0094   -0.0003   -0.0034
 C28     3    0.0106    0.0141    0.0162   -0.0057    0.0006   -0.0026
 C29     3    0.0114    0.0175    0.0182   -0.0076    0.0014   -0.0029
 C30     3    0.0160    0.0221    0.0227   -0.0062    0.0042   -0.0071
 C31     3    0.0144    0.0163    0.0252   -0.0057    0.0009   -0.0012
 C32     3    0.0174    0.0338    0.0241   -0.0174    0.0030   -0.0056
 C33     3    0.0174    0.0185    0.0225   -0.0065   -0.0001   -0.0081
 C34     3    0.0257    0.0244    0.0363   -0.0188    0.0107   -0.0117
 C35     3    0.0206    0.0191    0.0271    0.0033   -0.0022   -0.0080
 C36     3    0.0156    0.0133    0.0199   -0.0051    0.0021   -0.0054
 C37     3    0.0130    0.0120    0.0176   -0.0034    0.0009   -0.0042
 C38     3    0.0126    0.0127    0.0221   -0.0034   -0.0006   -0.0033
 C39     3    0.0116    0.0133    0.0170   -0.0035   -0.0012   -0.0027
 C40     3    0.0116    0.0166    0.0168   -0.0046   -0.0004   -0.0034
 C41     3    0.0134    0.0181    0.0240   -0.0047    0.0000   -0.0013
 C42     3    0.0151    0.0245    0.0193   -0.0084   -0.0016   -0.0037
 C43     3    0.0171    0.0225    0.0192   -0.0040    0.0008   -0.0086



                             Least Squares Refinement
                      Paramagnetic structure factors program

    3 cycles of refinement with first numbered   1

 Printing of obs and calc values wanted
 last cycle

 Correlations exceeding  70 per cent to be printed

 Cycles to stop if max(shift/esd) <     0.0100

 Scale factor(s) :
   1.0000    
 Refine using polarised neutron Flipping Ratios

 Weights to be read with reflection data

 No L TFAC card read - assuming TFAC=0. and fixed

 Sigma read from reflection data - weight is 1/sigma squared

 No extinction correction

 Magnetic susceptibilities and form factors with respect to crystallographic axes are:
     Atom     Form        Susceptibility Tensor Components
             factor     11      22      33      23      31      12
     Dy1      Dym     0.7700  4.1000  1.7600 -6.4000 -1.3400 -2.4900

        2 basic variable(s) :

 Dy1  CH11  Dy1  CH12

 Input file  rfl1.ext opened
 Refine using polarised neutron Flipping Ratios
Wavelength      0.8400
U Matrix:       0.4990 -0.3396 -0.7973
               -0.8655 -0.1481 -0.4786
                0.0444  0.9289 -0.3678
Polarisation   -0.8800  0.8800 parallel to -0.7973 -0.4786 -0.3678
Magnetic Field    0.50 T
 Data input as h,k,l,Gobs,Sigma,4 coeffs,(Scale)
 Measurement set number:  1   27 Observations read from rfl1.ext Weight 2.000


 Input file  rfl2.ext opened
 Refine using polarised neutron Flipping Ratios
Wavelength      0.8400
U Matrix:      -0.1987  0.0494 -0.9788
               -0.4461  0.8847  0.1352
                0.8727  0.4635 -0.1537
Polarisation   -0.8800  0.8800 parallel to -0.9788  0.1352 -0.1537
Magnetic Field    0.50 T
 Data input as h,k,l,Gobs,Sigma,4 coeffs,(Scale)
 Measurement set number:  2   64 Observations read from rfl2.ext Weight 2.000


 R1=Sum diffs/Sum obs =   55.56    
 R2=Sum of diffs of squares/Sum obs squared =    177.1    
 Chi squared =   0.102E+04 Sum weighted diffs sqrd =   0.256E+05
 For    27 observations and   2 basic variables
 R3=Sum weighted diffs/Sum weighted obs =    28.44    
 R4=Sum weighted diffs of squares/Sum weighted squares obs =   80.81    

 R1=Sum diffs/Sum obs =   14.19    
 R2=Sum of diffs of squares/Sum obs squared =    28.04    
 Chi squared =    19.9     Sum weighted diffs sqrd =    695.    
 For    37 observations and   2 basic variables
 R3=Sum weighted diffs/Sum weighted obs =    4.882    
 R4=Sum weighted diffs of squares/Sum weighted squares obs =   9.626    
 Chisqrd over all  2 data sets:   423.6
for    64 observations and    2 parameters





1Shifts in variables for cycle  1

  Dy1    CH11     CH12
   NEW    -0.65     2.64
   ESD     0.50     0.56
 SHIFT    -1.42     5.13
   OLD     0.77    -2.49
 SH/SD  2.86422  9.19073


 Average SHIFT/ESD for cycle   1 =    6.0275    
 Maximum SHIFT/ESD =     9.1907    

 R1=Sum diffs/Sum obs =   19.52    
 R2=Sum of diffs of squares/Sum obs squared =    40.26    
 Chi squared =    76.9     Sum weighted diffs sqrd =   0.192E+04
 For    27 observations and   2 basic variables
 R3=Sum weighted diffs/Sum weighted obs =    9.637    
 R4=Sum weighted diffs of squares/Sum weighted squares obs =   19.89    

 R1=Sum diffs/Sum obs =   14.19    
 R2=Sum of diffs of squares/Sum obs squared =    28.04    
 Chi squared =    19.9     Sum weighted diffs sqrd =    695.    
 For    37 observations and   2 basic variables
 R3=Sum weighted diffs/Sum weighted obs =    4.882    
 R4=Sum weighted diffs of squares/Sum weighted squares obs =   9.626    
 Chisqrd over all  2 data sets:    42.2
for    64 observations and    2 parameters





1Shifts in variables for cycle  2

  Dy1    CH11     CH12
   NEW    -0.12     3.67
   ESD     0.85     0.79
 SHIFT     0.54     1.03
   OLD    -0.65     2.64
 SH/SD  0.63124  1.29360


 Average SHIFT/ESD for cycle   2 =   0.96242    
 Maximum SHIFT/ESD =     1.2936    


 Structure factor listing :
     h    k    l     G(obs)   G(calc)     Diff   F(nucl)    F(mag)    mod Fc    Scale    Weight
     1   -8    1     1.400     1.073     0.327    0.3970    0.5411    0.6711    1.0000   80.73    
     0   -6    1     1.216     0.973     0.243   11.0422    0.7007   11.0644    1.0000   201.6    
    -2   -2    1     1.036     1.096    -0.059   10.1713    0.6918   10.1948    1.0000  0.1301E+05
    -1   -2   -1     1.183     0.995     0.188    4.5034    1.1007    4.6360    1.0000   382.6    
    -2   -2    2     1.418     1.471    -0.054    2.8616    0.4878    2.9028    1.0000   282.1    
    -1    0    2     0.746     1.077    -0.332    3.3880    0.6110    3.4426    1.0000   2314.    
    -3   -7    3     0.883     0.964    -0.081    4.7410    0.4445    4.7618    1.0000   996.5    
     0   -2    3     0.926     0.959    -0.033   17.1925    0.5652   17.2017    1.0000   7621.    
    -2    0   -3     0.801     0.641     0.160    4.1254    1.0053    4.2461    1.0000   642.3    
    -5    3    3     0.841     0.982    -0.141    9.3253    0.7220    9.3532    1.0000   1072.    
    -1   -7   -3     0.917     0.879     0.038    1.5462    0.7679    1.7264    1.0000   1825.    
     0    0    4     1.050     1.069    -0.020   22.7365    0.5155   22.7423    1.0000  0.2263E+05
    -1   -3   -4     0.685     0.605     0.080    1.8378    1.0436    2.1135    1.0000   107.3    
    -1    4   -5     0.950     0.971    -0.021   19.1717    0.5656   19.1800    1.0000   4759.    
     0   -2    5     0.810     0.633     0.176    1.9988    0.4182    2.0421    1.0000   1422.    
     0   -3   -5     0.861     0.799     0.062    2.0339    0.9391    2.2402    1.0000   1043.    
    -3    5    5     1.178     1.002     0.176   14.0022    0.7303   14.0212    1.0000   513.6    
    -3   -4    6     0.937     1.083    -0.146    5.5328    0.1925    5.5362    1.0000   5972.    
    -3    1   -7     0.809     0.987    -0.178    6.4026    0.6560    6.4361    1.0000   233.2    
    -2   -2    8     0.801     0.861    -0.060    1.3582    0.0738    1.3602    1.0000   696.1    
    -1    2   -9     0.851     1.125    -0.273    7.9591    0.3836    7.9683    1.0000   768.9    
     0    2  -10     0.789     1.005    -0.216    6.9005    0.2660    6.9056    1.0000   551.9    
    -1   -1   10     1.026     0.966     0.061   17.2867    0.2241   17.2881    1.0000  0.1240E+05
    -5    1   10     0.687     1.008    -0.321    8.5200    0.3668    8.5279    1.0000   104.4    
    -3    2  -11     1.294     1.202     0.092    3.4466    0.3842    3.4680    1.0000   253.6    
    -3    3   11     1.101     1.033     0.068   10.7433    0.4370   10.7522    1.0000   879.0    
    -3    6   12     1.077     0.979     0.098   17.1770    0.4157   17.1820    1.0000   1929.    

 R1=Sum diffs/Sum obs =   14.10    
 R2=Sum of diffs of squares/Sum obs squared =    27.07    
 Chi squared =    30.7     Sum weighted diffs sqrd =    769.    
 For    27 observations and   2 basic variables
 R3=Sum weighted diffs/Sum weighted obs =    6.905    
 R4=Sum weighted diffs of squares/Sum weighted squares obs =   13.49    
     h    k    l     G(obs)   G(calc)     Diff   F(nucl)    F(mag)    mod Fc    Scale    Weight
    -2   -2    0     1.318     1.000     0.318    6.4445    0.4879    6.4630    0.0000   272.9    
     0    6   -1     0.802     1.000    -0.198   11.0422    0.0188   11.0422    0.0000   254.2    
    -1    6   -1     1.257     1.000     0.257   13.4718    0.0458   13.4719    0.0000   219.8    
    -5   -5    1     0.837     1.000    -0.163   12.9489    0.3521   12.9536    0.0000   2362.    
    -1   -3    1     0.928     1.000    -0.072   13.2134    0.2191   13.2152    0.0000   3814.    
    -6   -6   -1     0.879     1.000    -0.121   13.0736    0.3231   13.0776    0.0000   1107.    
    -1   -2    2     0.939     1.000    -0.061   10.4175    0.3548   10.4235    0.0000  0.1097E+05
    -1    1    2     1.050     1.000     0.050   11.1824    0.4942   11.1933    0.0000  0.1366E+05
     0    1    2     0.864     1.000    -0.136    5.7298    0.5294    5.7542    0.0000   961.8    
    -1    2    2     1.175     1.000     0.175    7.9905    0.3677    7.9990    0.0000   362.3    
     0    2    2     1.070     1.000     0.070   12.3170    0.3746   12.3227    0.0000   8012.    
     1    2    2     1.285     1.000     0.285    5.2095    0.4626    5.2300    0.0000   404.7    
     1    3    2     0.770     1.000    -0.230    4.5832    0.3429    4.5960    0.0000   200.0    
     1    4    2     0.779     1.000    -0.221   10.5238    0.2592   10.5270    0.0000   996.5    
    -2   -1    3     0.874     1.000    -0.126    9.5014    0.5254    9.5159    0.0000   987.7    
    -3    0    3     0.672     1.000    -0.328    6.2744    0.5083    6.2950    0.0000   112.6    
     1    1    3     0.919     1.000    -0.081    8.5455    0.5693    8.5644    0.0000   2362.    
     0   -1    4     1.041     1.000     0.041   17.7342    0.4400   17.7397    0.0000   6682.    
     0    0    4     1.026     1.000     0.026   22.7365    0.5308   22.7427    0.0000  0.9054E+05
     0    1    4     0.956     1.000    -0.044   14.5094    0.5527   14.5200    0.0000   6606.    
     0    2    4     0.955     1.000    -0.045   14.7167    0.4943   14.7250    0.0000   4950.    
    -1    4   -5     1.067     1.000     0.067   19.1717    0.1942   19.1727    0.0000   3200.    
     0   -3   -5     0.949     1.000    -0.051    2.0339    0.4345    2.0798    0.0000   3125.    
    -5   -5   -5     0.808     1.000    -0.192    4.2623    0.3825    4.2794    0.0000   263.6    
    -3   -6   -5     1.105     1.000     0.105   13.5968    0.3219   13.6006    0.0000   1028.    
     5   14    5     1.085     1.000     0.085    5.0016    0.0782    5.0022    0.0000   1543.    
    -5   -5   -6     1.116     1.000     0.116   10.2731    0.3756   10.2800    0.0000   813.0    
     0    5    7     0.931     1.000    -0.069   13.5568    0.3312   13.5608    0.0000   1740.    
    -3   -3    8     0.894     1.000    -0.106    9.7716    0.3238    9.7769    0.0000   819.6    
     1    5    8     0.918     1.000    -0.082    0.7220    0.3529    0.8037    0.0000   1700.    
     2    5    8     0.880     1.000    -0.120    1.6473    0.3663    1.6875    0.0000   736.8    
    -2   -2   -9     0.857     1.000    -0.143   10.0050    0.4113   10.0134    0.0000   393.4    
    -1    3    9     0.925     1.000    -0.075   13.9787    0.3856   13.9840    0.0000   3415.    
    -1   -1  -10     1.120     1.000     0.120   12.0816    0.3797   12.0876    0.0000   725.6    
     0    5   12     0.951     1.000    -0.049   13.9362    0.2883   13.9392    0.0000   3916.    
    -4    3   13     1.328     1.000     0.328   15.5774    0.2364   15.5792    0.0000   91.43    
    -3    1   17     0.651     1.000    -0.349   15.3383    0.1764   15.3393    0.0000   67.45    

 R1=Sum diffs/Sum obs =   14.19    
 R2=Sum of diffs of squares/Sum obs squared =    28.04    
 Chi squared =    19.9     Sum weighted diffs sqrd =    695.    
 For    37 observations and   2 basic variables
 R3=Sum weighted diffs/Sum weighted obs =    4.882    
 R4=Sum weighted diffs of squares/Sum weighted squares obs =   9.626    
 Chisqrd over all  2 data sets:    23.6
for    64 observations and    2 parameters





1Shifts in variables for cycle  3

  Dy1    CH11     CH12
   NEW      0.3     3.62
   ESD      1.0     0.99
 SHIFT      0.5    -0.05
   OLD     -0.1     3.67
 SH/SD  0.44120  0.05154


 Average SHIFT/ESD for cycle   3 =   0.24637    
 Maximum SHIFT/ESD =    0.44120    

 Correlations above  70 per cent:
  Dy1  CH11 -  Dy1  CH12     -96

 Magnetisation elipsoid for Dy1 
 Principal axes:     chi (muB/T)    x       y       z
                       10.726     -0.334  -0.743   0.580
                       -0.460      0.875  -0.015   0.484
                       -4.061      0.351  -0.669  -0.655

 Induced moments with field  0.50 T, parallel to  -0.797  -0.479  -0.368
 Operator      Atom Position            x       y       z
    1      0.8892  0.5511  0.2346    -0.758  -1.248   1.742

 Induced moments with field  0.50 T, parallel to  -0.979   0.135  -0.154
 Operator      Atom Position            x       y       z
    1      0.8892  0.5511  0.2346     0.179  -1.003   0.088
