
                    * * * C H I L S Q * * *

         Cambridge Crystallography Subroutine Library   Mark 4.40 Update:4.4.13

                    Job run on Wed May 23 17:04:14 2018

 Crystal data file  DBM.cry opened

 Data read by PREFIN from file DBM.cry
      105 cards  labelled A
        1 card   labelled C
        6 cards  labelled D
        9 cards  labelled F
        1 card   labelled I
        9 cards  labelled L
        1 card   labelled N
        1 card   labelled P
        3 cards  labelled Q
        4 cards  labelled S
      105 cards  labelled T
  CRY-file generated from data set 1 in file 15K_total.cif

     Centrosymmetric space group with  4 operator(s)

 The group is generated by the
+                                 1 element(s) numbered:  2
 and the
 centre of symmetry.

 General equivalent positions are:
       0                   0                   0       +-

  1      x                   y                   z       
  2     -x                  1/2+y               1/2-z    

 Symmetry constraints on lattice parameters
                                             alpha = 90
                                             gamma = 90

 Real cell         13.2248   22.1323   16.0555   90.00  109.65   90.00
 Volume =  4425.8081

 Reciprocal cell    0.0803    0.0452    0.0661   90.00   70.35   90.00
 Volume =   0.2259E-03


 Real cell quadratic products:
 A (=a  sqrd)     B            C   D (=b c cos alpha)  E          F 
    174.89534   489.83868   257.77908     0.00000   -71.38727     0.00000

 Reciprocal cell quadratic products:
 A*(=a* sqrd)     B*          C*  D*(=b*c*cos alpha*)  E*         F*
      0.00645     0.00204     0.00437     0.00000     0.00179     0.00000

 Matrices for transformation of vectors to orthogonal axes
 Real space:
   12.4550    0.0000    0.0000
    0.0000   22.1323    0.0000
   -4.4463    0.0000   16.0555

 Reciprocal space:
    0.0803    0.0000    0.0222
    0.0000    0.0452    0.0000
    0.0000    0.0000    0.0623


 Atoms in the unit cell are
  Mult Name       X         Y         Z        ITF      Site  Scat Fac Sub-Group
    4  C12      1.1170    0.5834    1.0728    0.0000    1.0000   C   
    4  C35      0.5629    0.6609    0.9614    0.0000    1.0000   C   
    4  C9       1.3421    0.5882    1.1453    0.0000    1.0000   C   
    4  C23      0.6680    0.8566    0.8479    0.0000    1.0000   C   
    4  C50      0.9232    0.5330    0.7045    0.0000    1.0000   C   
    4  C41      0.4104    0.6165    0.5832    0.0000    1.0000   C   
    4  C44      0.5854    0.6248    0.7132    0.0000    1.0000   C   
    4  C46      0.4246    0.6872    0.7014    0.0000    1.0000   C   
    4  C5       0.6619    0.4282    1.1680    0.0000    1.0000   C   
    4  C10      1.2869    0.5369    1.1571    0.0000    1.0000   C   
    4  C3       0.6632    0.5167    1.0798    0.0000    1.0000   C   
    4  C61      0.8235    0.5452    1.0389    0.0000    1.0000   C   
    4  C40      0.4956    0.6660    1.0117    0.0000    1.0000   C   
    4  C16      1.2093    0.7600    0.8487    0.0000    1.0000   C   
    4  C13      1.0434    0.8444    0.7927    0.0000    1.0000   C   
    4  C11      1.1750    0.5345    1.1215    0.0000    1.0000   C   
    4  C19      0.5235    0.9460    0.8626    0.0000    1.0000   C   
    4  C51      0.8163    0.5487    0.6580    0.0000    1.0000   C   
    4  C27      0.9211    0.7742    0.8419    0.0000    1.0000   C   
    4  C31      0.9640    0.7505    1.0538    0.0000    1.0000   C   
    4  C60      0.9364    0.5475    1.0713    0.0000    1.0000   C   
    4  C52      0.7718    0.5317    0.5692    0.0000    1.0000   C   
    4  C24      0.5860    0.8425    0.8825    0.0000    1.0000   C   
    4  C22      0.6756    0.9158    0.8197    0.0000    1.0000   C   
    4  C6       0.7643    0.4128    1.1677    0.0000    1.0000   C   
    4  C43      0.7571    0.5838    0.7075    0.0000    1.0000   C   
    4  C20      0.5149    0.8868    0.8902    0.0000    1.0000   C   
    4  C15      1.2257    0.8143    0.8107    0.0000    1.0000   C   
    4  C8       1.2846    0.6368    1.0962    0.0000    1.0000   C   
    4  C49      0.3063    0.6367    0.5384    0.0000    1.0000   C   
    4  C55      0.8327    0.4986    0.5289    0.0000    1.0000   C   
    4  C7       1.1734    0.6341    1.0598    0.0000    1.0000   C   
    4  C18      1.0266    0.7903    0.8309    0.0000    1.0000   C   
    4  C45      0.4712    0.6420    0.6644    0.0000    1.0000   C   
    4  C4       0.6107    0.4798    1.1228    0.0000    1.0000   C   
    4  C29      0.9439    0.8115    1.1704    0.0000    1.0000   C   
    4  C54      0.9379    0.4819    0.5763    0.0000    1.0000   C   
    4  C53      0.9839    0.4999    0.6644    0.0000    1.0000   C   
    4  C38      0.6334    0.7255    1.1147    0.0000    1.0000   C   
    4  C59      0.9969    0.5843    1.0338    0.0000    1.0000   C   
    4  C48      0.2611    0.6822    0.5750    0.0000    1.0000   C   
    4  C21      0.6038    0.9602    0.8273    0.0000    1.0000   C   
    4  C47      0.3200    0.7070    0.6571    0.0000    1.0000   C   
    4  C17      1.1104    0.7478    0.8583    0.0000    1.0000   C   
    4  C28      1.0072    0.7923    1.1215    0.0000    1.0000   C   
    4  C42      0.6471    0.5974    0.6669    0.0000    1.0000   C   
    4  C26      0.8462    0.8202    0.8404    0.0000    1.0000   C   
    4  C1       0.7674    0.5024    1.0813    0.0000    1.0000   C   
    4  C39      0.5326    0.6988    1.0904    0.0000    1.0000   C   
    4  C34      0.8037    0.7459    1.0821    0.0000    1.0000   C   
    4  C2       0.8165    0.4493    1.1238    0.0000    1.0000   C   
    4  C37      0.6955    0.7187    1.0597    0.0000    1.0000   C   
    4  C30      0.8408    0.7880    1.1500    0.0000    1.0000   C   
    4  C14      1.1425    0.8566    0.7827    0.0000    1.0000   C   
    4  C25      0.7433    0.8067    0.8440    0.0000    1.0000   C   
    4  Dy1      0.7875    0.6602    0.8974    0.0000    1.0000   Dy  
    4  H35      0.5392    0.6351    0.8999    0.0000    1.0000   H   
    4  H9       1.4291    0.5901    1.1736    0.0000    1.0000   H   
    4  H50      0.9575    0.5483    0.7725    0.0000    1.0000   H   
    4  H41      0.4436    0.5804    0.5544    0.0000    1.0000   H   
    4  H46      0.4726    0.7072    0.7643    0.0000    1.0000   H   
    4  H5       0.6227    0.4000    1.2034    0.0000    1.0000   H   
    4  H10      1.3308    0.4980    1.1931    0.0000    1.0000   H   
    4  H3       0.6249    0.5570    1.0450    0.0000    1.0000   H   
    4  H40      0.4181    0.6435    0.9902    0.0000    1.0000   H   
    4  H16      1.2741    0.7269    0.8709    0.0000    1.0000   H   
    4  H13      0.9792    0.8771    0.7686    0.0000    1.0000   H   
    4  H11      1.1341    0.4938    1.1302    0.0000    1.0000   H   
    4  H19      0.4670    0.9805    0.8673    0.0000    1.0000   H   
    4  H31      1.0099    0.7344    1.0136    0.0000    1.0000   H   
    4  H60      0.9786    0.5198    1.1277    0.0000    1.0000   H   
    4  H52      0.6903    0.5443    0.5302    0.0000    1.0000   H   
    4  H24      0.5803    0.7963    0.9034    0.0000    1.0000   H   
    4  H22      0.7356    0.9275    0.7900    0.0000    1.0000   H   
    4  H6       0.8035    0.3722    1.2013    0.0000    1.0000   H   
    4  H20      0.4520    0.8751    0.9173    0.0000    1.0000   H   
    4  H15      1.3023    0.8239    0.8023    0.0000    1.0000   H   
    4  H8       1.3256    0.6771    1.0861    0.0000    1.0000   H   
    4  H49      0.2599    0.6168    0.4750    0.0000    1.0000   H   
    4  H55      0.7971    0.4860    0.4596    0.0000    1.0000   H   
    4  H7       1.1281    0.6715    1.0210    0.0000    1.0000   H   
    4  H4       0.5307    0.4915    1.1213    0.0000    1.0000   H   
    4  H29      0.9738    0.8437    1.2247    0.0000    1.0000   H   
    4  H54      0.9846    0.4556    0.5452    0.0000    1.0000   H   
    4  H53      1.0669    0.4881    0.7023    0.0000    1.0000   H   
    4  H38      0.6634    0.7503    1.1766    0.0000    1.0000   H   
    4  H48      0.1808    0.6981    0.5388    0.0000    1.0000   H   
    4  H21      0.6104    1.0061    0.8046    0.0000    1.0000   H   
    4  H47      0.2847    0.7420    0.6862    0.0000    1.0000   H   
    4  H17      1.0954    0.7051    0.8861    0.0000    1.0000   H   
    4  H28      1.0880    0.8093    1.1350    0.0000    1.0000   H   
    4  H42      0.6092    0.5876    0.5973    0.0000    1.0000   H   
    4  H26      0.8687    0.8667    0.8385    0.0000    1.0000   H   
    4  H39      0.4845    0.7033    1.1330    0.0000    1.0000   H   
    4  H2       0.8943    0.4358    1.1211    0.0000    1.0000   H   
    4  H30      0.7908    0.8022    1.1875    0.0000    1.0000   H   
    4  H14      1.1546    0.8984    0.7526    0.0000    1.0000   H   
    4  N1       0.6608    0.6862    0.9844    0.0000    1.0000   N   
    4  N2       0.8647    0.7277    1.0339    0.0000    1.0000   N   
    4  O4       0.6205    0.6373    0.7952    0.0000    1.0000   O   
    4  O2       0.9567    0.6198    0.9691    0.0000    1.0000   O   
    4  O6       0.7085    0.7532    0.8458    0.0000    1.0000   O   
    4  O1       0.7640    0.5784    0.9769    0.0000    1.0000   O   
    4  O3       0.8116    0.6001    0.7851    0.0000    1.0000   O   
    4  O5       0.9073    0.7189    0.8546    0.0000    1.0000   O   
 Group of K :   1   1
 Vectors in the star:     0.0000    0.0000    0.0000


 No constraints on susceptibility tensor for Dy1

 Magnetic structure type PARA
+                              Aligned Paramagnetic

 Scattering factors read for given atomic positions:
 Name  Type          Description

 C       1  Neutron nuclear scattering factor value    0.6650
            applies to C12 C35 C9 C23 C50 C41 C44 C46 C5 C10 C3 C61 C40 C16 C13
            applies to C11 C19 C51 C27 C31 C60 C52 C24 C22 C6 C43 C20 C15 C8 C49
            applies to C55 C7 C18 C45 C4 C29 C54 C53 C38 C59 C48 C21 C47 C17 C28
            applies to C42 C26 C1 C39 C34 C2 C37 C30 C14 C25

 Dy      1  Neutron nuclear scattering factor value    1.6900
            applies to Dy1

 H       1  Neutron nuclear scattering factor value   -0.3740
            applies to H35 H9 H50 H41 H46 H5 H10 H3 H40 H16 H13 H11 H19 H31 H60
            applies to H52 H24 H22 H6 H20 H15 H8 H49 H55 H7 H4 H29 H54 H53 H38
            applies to H48 H21 H47 H17 H28 H42 H26 H39 H2 H30 H14

 N       1  Neutron nuclear scattering factor value    0.9360
            applies to N1 N2

 O       1  Neutron nuclear scattering factor value    0.5805
            applies to O4 O2 O6 O1 O3 O5

 Dym     3  Form factors given in table with   20 entries multiplied by    1.0000
           Table is:
       0.00    0.9999      0.05    0.9886      0.10    0.9557      0.15    0.9047      0.20    0.8401
       0.25    0.7671      0.30    0.6903      0.40    0.5400      0.50    0.4071      0.60    0.2980
       0.70    0.2130      0.80    0.1490      0.90    0.1021      1.00    0.0684      1.10    0.0446
       1.20    0.0287      1.30    0.0187      1.40    0.0133      1.50    0.0112      1.60    0.0115

 Anisotropic temperature factors:
 atom  type    11        22        33        23        13        12
 C12     3    0.0084    0.0084    0.0093    0.0003    0.0029   -0.0004
 C35     3    0.0084    0.0131    0.0094   -0.0029    0.0036   -0.0019
 C9      3    0.0081    0.0119    0.0145    0.0012    0.0031    0.0007
 C23     3    0.0113    0.0095    0.0104    0.0006    0.0050    0.0009
 C50     3    0.0097    0.0125    0.0092   -0.0004    0.0033    0.0030
 C41     3    0.0100    0.0137    0.0090   -0.0010    0.0020    0.0005
 C44     3    0.0079    0.0108    0.0082   -0.0001    0.0034    0.0002
 C46     3    0.0097    0.0107    0.0113   -0.0001    0.0037    0.0012
 C5      3    0.0134    0.0128    0.0119    0.0013    0.0062   -0.0027
 C10     3    0.0089    0.0117    0.0119    0.0011    0.0024    0.0011
 C3      3    0.0106    0.0111    0.0127    0.0022    0.0058    0.0002
 C61     3    0.0075    0.0091    0.0086    0.0011    0.0028   -0.0011
 C40     3    0.0094    0.0142    0.0118   -0.0030    0.0047   -0.0025
 C16     3    0.0103    0.0139    0.0142    0.0009    0.0048    0.0003
 C13     3    0.0114    0.0114    0.0133    0.0027    0.0061   -0.0004
 C11     3    0.0090    0.0094    0.0101    0.0007    0.0031    0.0004
 C19     3    0.0130    0.0121    0.0139    0.0001    0.0046    0.0033
 C51     3    0.0085    0.0114    0.0086   -0.0014    0.0029    0.0007
 C27     3    0.0102    0.0079    0.0103    0.0009    0.0048   -0.0004
 C31     3    0.0088    0.0122    0.0120   -0.0029    0.0049   -0.0020
 C60     3    0.0079    0.0109    0.0106    0.0026    0.0030   -0.0003
 C52     3    0.0115    0.0162    0.0088   -0.0032    0.0026    0.0024
 C24     3    0.0106    0.0113    0.0145    0.0007    0.0059    0.0010
 C22     3    0.0127    0.0096    0.0126    0.0024    0.0059    0.0027
 C6      3    0.0129    0.0108    0.0127    0.0025    0.0046   -0.0012
 C43     3    0.0076    0.0101    0.0079    0.0000    0.0024    0.0007
 C20     3    0.0106    0.0128    0.0147   -0.0003    0.0060    0.0011
 C15     3    0.0115    0.0144    0.0150   -0.0005    0.0066   -0.0029
 C8      3    0.0092    0.0107    0.0139    0.0007    0.0037   -0.0017
 C49     3    0.0095    0.0182    0.0100    0.0000    0.0014    0.0020
 C55     3    0.0142    0.0184    0.0095   -0.0036    0.0042    0.0035
 C7      3    0.0083    0.0098    0.0120    0.0018    0.0034    0.0003
 C18     3    0.0103    0.0092    0.0106    0.0010    0.0053   -0.0004
 C45     3    0.0086    0.0105    0.0083    0.0000    0.0025    0.0009
 C4      3    0.0115    0.0130    0.0139    0.0014    0.0066   -0.0008
 C29     3    0.0098    0.0121    0.0111   -0.0035    0.0034   -0.0019
 C54     3    0.0135    0.0151    0.0107   -0.0018    0.0058    0.0035
 C53     3    0.0114    0.0135    0.0119   -0.0006    0.0049    0.0028
 C38     3    0.0099    0.0160    0.0103   -0.0039    0.0055   -0.0020
 C59     3    0.0078    0.0096    0.0083    0.0012    0.0032   -0.0001
 C48     3    0.0114    0.0192    0.0127    0.0031    0.0042    0.0038
 C21     3    0.0147    0.0097    0.0139    0.0010    0.0054    0.0030
 C47     3    0.0109    0.0144    0.0133    0.0019    0.0048    0.0041
 C17     3    0.0093    0.0108    0.0125    0.0010    0.0047    0.0001
 C28     3    0.0096    0.0120    0.0121   -0.0033    0.0041   -0.0025
 C42     3    0.0083    0.0126    0.0087   -0.0014    0.0030    0.0016
 C26     3    0.0102    0.0086    0.0156    0.0003    0.0064    0.0000
 C1      3    0.0079    0.0098    0.0097    0.0011    0.0041   -0.0006
 C39     3    0.0109    0.0175    0.0127   -0.0049    0.0066   -0.0033
 C34     3    0.0081    0.0097    0.0084   -0.0019    0.0027   -0.0013
 C2      3    0.0106    0.0094    0.0109    0.0028    0.0034    0.0005
 C37     3    0.0070    0.0100    0.0093   -0.0015    0.0035   -0.0007
 C30     3    0.0098    0.0115    0.0113   -0.0038    0.0045   -0.0011
 C14     3    0.0131    0.0132    0.0163    0.0015    0.0079   -0.0023
 C25     3    0.0088    0.0079    0.0111    0.0010    0.0049    0.0005
 Dy1     3    0.0055    0.0056    0.0053    0.0001    0.0023    0.0000
 H35     3    0.0244    0.0310    0.0213   -0.0128    0.0090   -0.0081
 H9      3    0.0130    0.0310    0.0352    0.0044    0.0047   -0.0013
 H50     3    0.0235    0.0340    0.0148   -0.0040    0.0030    0.0044
 H41     3    0.0244    0.0280    0.0249   -0.0090    0.0060    0.0060
 H46     3    0.0270    0.0257    0.0211   -0.0076    0.0048    0.0014
 H5      3    0.0300    0.0300    0.0327    0.0105    0.0178   -0.0029
 H10     3    0.0192    0.0217    0.0360    0.0100    0.0055    0.0052
 H3      3    0.0241    0.0222    0.0381    0.0114    0.0133    0.0079
 H40     3    0.0176    0.0370    0.0287   -0.0097    0.0089   -0.0098
 H16     3    0.0214    0.0280    0.0410    0.0053    0.0110    0.0076
 H13     3    0.0260    0.0222    0.0420    0.0106    0.0158    0.0085
 H11     3    0.0240    0.0178    0.0315    0.0040    0.0086   -0.0043
 H19     3    0.0280    0.0240    0.0380    0.0000    0.0162    0.0097
 H31     3    0.0234    0.0350    0.0253   -0.0092    0.0148   -0.0020
 H60     3    0.0183    0.0300    0.0217    0.0122    0.0037    0.0020
 H52     3    0.0200    0.0420    0.0248   -0.0072    0.0024    0.0081
 H24     3    0.0310    0.0154    0.0400    0.0051    0.0190    0.0029
 H22     3    0.0330    0.0238    0.0390    0.0051    0.0245    0.0019
 H6      3    0.0270    0.0234    0.0352    0.0119    0.0100    0.0050
 H20     3    0.0260    0.0270    0.0410   -0.0002    0.0212   -0.0013
 H15     3    0.0203    0.0360    0.0390    0.0023    0.0153   -0.0052
 H8      3    0.0186    0.0250    0.0387    0.0080    0.0080   -0.0050
 H49     3    0.0250    0.0420    0.0196   -0.0083   -0.0007    0.0000
 H55     3    0.0330    0.0430    0.0177   -0.0113    0.0039    0.0073
 H7      3    0.0201    0.0232    0.0332    0.0112    0.0057    0.0044
 H4      3    0.0200    0.0320    0.0390    0.0072    0.0166    0.0023
 H29     3    0.0280    0.0310    0.0255   -0.0152    0.0074   -0.0066
 H54     3    0.0310    0.0350    0.0261   -0.0072    0.0149    0.0080
 H53     3    0.0180    0.0370    0.0290   -0.0033    0.0059    0.0064
 H38     3    0.0270    0.0360    0.0218   -0.0138    0.0103   -0.0105
 H48     3    0.0200    0.0450    0.0310    0.0029    0.0061    0.0122
 H21     3    0.0350    0.0182    0.0370    0.0068    0.0178    0.0034
 H47     3    0.0270    0.0330    0.0300   -0.0046    0.0100    0.0136
 H17     3    0.0250    0.0205    0.0328    0.0102    0.0125    0.0018
 H28     3    0.0161    0.0350    0.0334   -0.0107    0.0099   -0.0089
 H42     3    0.0239    0.0380    0.0178   -0.0075    0.0050    0.0022
 H26     3    0.0280    0.0152    0.0420    0.0017    0.0176   -0.0016
 H39     3    0.0290    0.0450    0.0316   -0.0154    0.0213   -0.0096
 H2      3    0.0194    0.0258    0.0319    0.0069    0.0107    0.0049
 H30     3    0.0229    0.0340    0.0272   -0.0102    0.0146   -0.0010
 H14     3    0.0330    0.0260    0.0400    0.0131    0.0180   -0.0034
 N1      3    0.0088    0.0105    0.0087   -0.0012    0.0040   -0.0014
 N2      3    0.0083    0.0114    0.0091   -0.0021    0.0040   -0.0012
 O4      3    0.0095    0.0128    0.0088   -0.0021    0.0033    0.0006
 O2      3    0.0091    0.0106    0.0105    0.0023    0.0041    0.0003
 O6      3    0.0110    0.0084    0.0128    0.0014    0.0048    0.0005
 O1      3    0.0085    0.0095    0.0097    0.0016    0.0026    0.0001
 O3      3    0.0096    0.0118    0.0082   -0.0016    0.0031    0.0008
 O5      3    0.0107    0.0087    0.0133    0.0016    0.0071    0.0001



                             Least Squares Refinement
                      Paramagnetic structure factors program

    3 cycles of refinement with first numbered   1

 Printing of obs and calc values wanted
 last cycle

 Correlations exceeding  70 per cent to be printed

 Cycles to stop if max(shift/esd) <     0.0100

 Scale factor(s) :
   1.0000    
 Refine using polarised neutron Flipping Ratios

 Weights to be read with reflection data

 No L TFAC card read - assuming TFAC=0. and fixed

 Sigma read from reflection data - weight is 1/sigma squared

 No extinction correction

 Magnetic susceptibilities and form factors with respect to crystallographic axes are:
     Atom     Form        Susceptibility Tensor Components
             factor     11      22      33      23      31      12
     Dy1      Dym     0.5500  7.8100  3.1600 -4.7200  1.1000 -1.7400

 No variables

 Input file  rfl1.ext opened
 Refine using polarised neutron Flipping Ratios
Wavelength      1.4000
U Matrix:      -0.2056  0.8439  0.4956
               -0.7930 -0.4404  0.4208
                0.5734 -0.3065  0.7598
Polarisation   -0.7800  0.7800 parallel to  0.4956  0.4208  0.7598
Magnetic Field    0.50 T
 Data input as h,k,l,Gobs,Sigma,4 coeffs,(Scale)
 Measurement set number:  1  120 Observations read from rfl1.ext Weight 2.000


 R1=Sum diffs/Sum obs =   6.081    
 R2=Sum of diffs of squares/Sum obs squared =    12.60    
 Chi squared =    2.50     Sum weighted diffs sqrd =    299.    
 For   120 observations and   0 basic variables
 R3=Sum weighted diffs/Sum weighted obs =    3.212    
 R4=Sum weighted diffs of squares/Sum weighted squares obs =   6.391    





1Shifts in variables for cycle  1


 Average SHIFT/ESD for cycle   1 is undefined, Maximum SHIFT/ESD =     0.0000    


 Structure factor listing :
     h    k    l     G(obs)   G(calc)     Diff   F(nucl)    F(mag)    mod Fc    Scale    Weight
    -2    0    0     0.829     0.817     0.013   25.8017    2.3549   25.9090    1.0000   9512.    
    -3    1    0     1.948     1.720     0.227   10.8959    2.3515   11.1467    1.0000   74.18    
    -1    1    0     0.789     0.777     0.012   26.7149    2.4073   26.8231    1.0000  0.1006E+05
    -4    3    0     0.795     0.815    -0.020   19.5727    2.1580   19.6913    1.0000   2805.    
    -1    4    0     1.198     1.198     0.000   25.1963    1.6474   25.2501    1.0000   4058.    
    -2    5    0     1.364     1.325     0.039   14.8260    1.8705   14.9435    1.0000   399.0    
    -5    6    0     0.663     0.702    -0.040   12.5316    1.8292   12.6644    1.0000   508.7    
    -4    8    0     0.694     0.718    -0.024   13.3987    1.6755   13.5031    1.0000   592.5    
    -3   10    0     0.868     0.875    -0.007   32.2254    1.4290   32.2571    1.0000   4759.    
    -1    2    1     0.716     0.870    -0.154   10.0890    1.6096   10.2166    1.0000   149.4    
    -3    3    1     0.506     0.483     0.023    8.2190    2.1351    8.4918    1.0000   913.1    
    -2    3    1     1.268     1.340    -0.072   10.5781    1.9771   10.7613    1.0000   141.5    
    -1    3    1     0.517     0.621    -0.104    5.8734    1.4151    6.0415    1.0000   91.18    
    -3    4    1     0.631     0.557     0.074    7.2092    2.0218    7.4873    1.0000   351.8    
    -2    4    1     1.167     1.121     0.046   22.6581    1.8412   22.7328    1.0000   570.7    
    -1    4    1     0.916     0.905     0.012   32.4220    1.2557   32.4463    1.0000   9009.    
    -1    4   -1     0.784     0.789    -0.006   13.4485    2.1847   13.6248    1.0000   2411.    
    -3    4   -1     1.954     1.831     0.123    8.1851    2.1494    8.4626    1.0000   27.15    
    -5    5    1     0.595     0.721    -0.127    8.7953    1.8813    8.9942    1.0000   125.4    
    -4    5    1     1.645     1.624     0.021   10.2304    1.9513   10.4149    1.0000   64.35    
    -2    5    1     1.516     1.533    -0.017    9.9257    1.5971   10.0534    1.0000   168.6    
    -1    5   -1     0.701     0.705    -0.004   16.9231    1.9169   17.0314    1.0000   2533.    
    -3    5   -1     1.994     1.775     0.218    9.6248    2.0967    9.8506    1.0000   67.84    
    -2    6    1     0.529     0.618    -0.089    5.2089    1.6096    5.4520    1.0000   61.05    
     0   -6    1     1.262     1.276    -0.014   10.9799    1.6609   11.1048    1.0000   204.1    
    -1    6   -1     1.605     1.379     0.226   10.3932    1.9401   10.5727    1.0000   173.1    
    -4    7    1     1.311     1.296     0.015   12.6421    1.6802   12.7532    1.0000   112.7    
    -1    7    1     0.631     0.640    -0.010    6.9748    1.1913    7.0758    1.0000   170.2    
     0   -7    1     1.542     1.662    -0.120    9.3597    1.6588    9.5056    1.0000   77.54    
    -4    9    1     0.781     0.900    -0.119   12.9970    1.4325   13.0757    1.0000   431.3    
    -3    9    1     0.778     0.745     0.033   13.1829    1.5060   13.2687    1.0000   527.1    
    -4    9   -1     0.708     0.638     0.070   11.3362    1.6610   11.4573    1.0000   308.6    
    -4   10    1     0.877     0.893    -0.016   24.1934    1.4655   24.2377    1.0000   2607.    
    -3   10    1     0.777     0.793    -0.016   13.9133    1.2141   13.9662    1.0000   459.1    
    -2   10   -1     0.772     0.816    -0.044   19.0675    1.3869   19.1179    1.0000   333.8    
    -3   10   -1     0.763     0.767    -0.004   12.0361    1.6102   12.1433    1.0000   272.9    
    -4    0    2     1.567     1.432     0.136   10.3848    2.3073   10.6381    1.0000   120.2    
    -3    0    2     0.549     0.553    -0.004    9.8722    2.3084   10.1385    1.0000   1642.    
    -1    0    2     0.666     0.630     0.036    9.2480    1.9997    9.4617    1.0000   3149.    
    -2    1    2     0.684     0.688    -0.004   13.6785    2.0775   13.8354    1.0000   6920.    
     1   -2    2     0.873     0.830     0.044   26.2399    2.3365   26.3437    1.0000   8433.    
    -6    3    2     0.697     0.720    -0.023   12.7342    1.9646   12.8848    1.0000   559.3    
    -1    3   -2     1.295     1.264     0.030   26.4066    2.3947   26.5150    1.0000   1250.    
     2   -3    2     0.646     0.728    -0.082   11.4564    2.3002   11.6850    1.0000   1929.    
    -7    4    2     0.750     0.820    -0.070   14.1658    1.7890   14.2784    1.0000   263.0    
    -6    4    2     0.776     0.782    -0.006   19.1925    1.8306   19.2796    1.0000   1207.    
    -1    4    2     0.937     0.965    -0.028   37.9838    0.9555   37.9958    1.0000   6312.    
    -5    5    2     0.513     0.513     0.000    7.3999    1.8446    7.6264    1.0000   55.11    
    -3    5    2     0.835     0.796     0.038   13.6364    1.6897   13.7407    1.0000   2095.    
    -2    5    2     0.596     0.640    -0.043    7.6123    1.4369    7.7468    1.0000   1302.    
    -1   -5    2     1.205     1.098     0.107   21.2472    1.9347   21.3351    1.0000   1067.    
    -2    5   -2     0.665     0.756    -0.090   10.4072    2.1470   10.6263    1.0000   826.2    
    -4    6    2     0.852     0.880    -0.028   17.4727    1.7127   17.5564    1.0000   843.3    
    -3    6    2     0.645     0.671    -0.026   11.2714    1.6006   11.3845    1.0000   1445.    
    -1    6   -2     0.775     0.779    -0.004   24.4924    2.0542   24.5784    1.0000   7346.    
    -2    6   -2     0.701     0.728    -0.026    9.3331    2.0378    9.5529    1.0000   444.2    
     3   -6    2     0.734     0.770    -0.036   16.4629    2.0048   16.5845    1.0000   507.1    
     4   -6    2     0.847     0.834     0.014   25.0503    1.8901   25.1215    1.0000   1207.    
    -5    7    2     0.932     0.973    -0.041   26.8127    1.6444   26.8631    1.0000   1917.    
    -1   -7    2     1.230     1.193     0.037   17.7580    1.6369   17.8333    1.0000   790.5    
     4   -7    2     1.276     1.301    -0.026   18.5462    1.8437   18.6376    1.0000   317.2    
     0   -8    2     0.714     0.721    -0.007   12.8599    1.6071   12.9599    1.0000   392.3    
     1   -8    2     0.652     0.803    -0.151   15.9876    1.8284   16.0918    1.0000   736.8    
    -2    9   -2     0.917     0.933    -0.016   25.7083    1.7018   25.7645    1.0000   1438.    
    -3    9   -2     1.200     1.233    -0.032   19.9435    1.7078   20.0165    1.0000   728.4    
    -4    9   -2     0.740     0.773    -0.032   14.1335    1.6356   14.2278    1.0000   522.0    
     0  -11    2     0.896     0.871     0.025   31.3840    1.5189   31.4208    1.0000   1804.    
     0   -1    3     0.899     0.899     0.000   27.6608    2.4087   27.7655    1.0000   2914.    
    -5    2    3     0.733     0.754    -0.021   18.6062    1.9664   18.7098    1.0000   3278.    
    -6    3    3     0.715     0.691     0.024   14.5017    1.8311   14.6169    1.0000   1263.    
    -3    3    3     0.799     0.785     0.014   10.7404    1.8910   10.9056    1.0000   1623.    
    -2    3    3     0.564     0.781    -0.216    8.1437    1.5266    8.2855    1.0000   340.0    
    -1   -3    3     1.760     1.644     0.116    9.2199    2.3341    9.5107    1.0000   115.0    
     0   -3    3     1.084     1.114    -0.030   26.0085    2.4203   26.1209    1.0000   4287.    
     1   -3    3     0.610     0.583     0.027    9.6680    2.1883    9.9126    1.0000   661.2    
    -3    4    3     0.677     0.848    -0.171   11.1023    1.6473   11.2239    1.0000   95.65    
    -1   -4    3     0.823     0.795     0.029   26.8439    2.2812   26.9406    1.0000   4853.    
     0   -5    3     1.505     1.460     0.045   16.8670    2.1848   17.0079    1.0000   474.8    
    -4    6    3     0.843     0.812     0.030   15.1767    1.5880   15.2595    1.0000   400.1    
    -2   -6    3     1.440     1.403     0.037   13.8488    1.9893   13.9910    1.0000   239.4    
     1   -6    3     1.987     1.746     0.241   10.2069    2.0699   10.4147    1.0000   22.54    
    -3   -8    3     0.798     0.795     0.003   17.0111    1.7431   17.1001    1.0000   760.0    
     0   -8    3     0.721     0.704     0.017   16.2444    1.8907   16.3540    1.0000   853.8    
    -2    8   -3     0.686     0.735    -0.049   17.4243    1.8646   17.5238    1.0000   803.2    
     1   -9    3     0.752     0.774    -0.022   19.1115    1.8038   19.1965    1.0000   850.2    
     2  -10    3     0.844     0.802     0.042   15.7844    1.6799   15.8736    1.0000   359.4    
    -2    0    4     0.822     0.826    -0.004   21.4888    1.8846   21.5713    1.0000   3916.    
    -5    1    4     0.697     0.615     0.082   10.8864    2.0028   11.0691    1.0000   167.4    
    -2   -1    4     0.794     0.839    -0.045   12.7177    2.3956   12.9413    1.0000   2664.    
    -4    2    4     0.813     0.779     0.034   13.7959    1.8846   13.9240    1.0000   731.2    
    -1   -2    4     0.698     0.795    -0.097   17.0235    2.3969   17.1914    1.0000   2480.    
    -1   -3    4     0.760     0.893    -0.134   10.8764    2.1894   11.0946    1.0000   1201.    
    -1   -4    4     0.851     0.856    -0.005   36.8841    2.3041   36.9560    1.0000  0.1221E+05
    -6    5    4     0.808     0.762     0.047   15.4072    1.6597   15.4963    1.0000   602.8    
    -2   -5    4     1.214     1.139     0.075   18.1169    2.1716   18.2466    1.0000   1213.    
    -1   -5    4     0.681     0.686    -0.005   12.6993    2.1460   12.8793    1.0000   1097.    
     0   -5    4     0.715     0.749    -0.034   15.8600    2.1868   16.0100    1.0000   2684.    
     4    7   -4     0.715     0.738    -0.023   14.2195    1.8186   14.3354    1.0000   203.6    
    -1   -7    4     0.662     0.675    -0.013   13.0893    1.9890   13.2396    1.0000   532.2    
    -4   -9    4     0.780     0.851    -0.071   17.2491    1.5893   17.3222    1.0000   633.2    
     0    9   -4     1.414     1.476    -0.063   13.1492    1.7442   13.2643    1.0000   169.0    
     2   -9    4     1.296     1.213     0.082   20.8690    1.7309   20.9406    1.0000   470.5    
    -2  -10    4     0.710     0.725    -0.015   11.4433    1.6749   11.5652    1.0000   181.8    
    -4   -2    5     1.539     1.341     0.198   10.2115    2.0661   10.4184    1.0000   69.04    
    -3   -3    5     0.579     0.623    -0.044    8.9208    2.1616    9.1790    1.0000   393.4    
    -6    4    5     1.555     1.294     0.261   12.5932    1.5945   12.6937    1.0000   120.0    
     4    4   -5     0.634     0.697    -0.063   15.1095    2.0338   15.2458    1.0000   917.1    
    -5   -5    5     0.859     0.883    -0.024   24.0009    1.8765   24.0741    1.0000   1623.    
    -4   -7    5     0.714     0.694     0.020   13.0498    1.8420   13.1792    1.0000   559.3    
    -2   -7    5     0.888     0.855     0.034   34.5736    1.9348   34.6277    1.0000   5719.    
    -6    1    6     0.839     0.776     0.063   17.8212    1.7449   17.9064    1.0000   2515.    
    -5   -1    6     1.459     1.356     0.103   11.8777    2.0237   12.0488    1.0000   137.3    
    -6   -2    6     0.616     0.663    -0.047   11.1701    1.8987   11.3304    1.0000   523.7    
    -6   -3    6     1.332     1.204     0.128   15.7948    1.8153   15.8988    1.0000   280.1    
    -5   -3    6     1.827     1.507     0.320   10.3669    2.0143   10.5608    1.0000   37.84    
    -4   -4    6     1.222     1.254    -0.032   15.7221    2.0731   15.8582    1.0000   272.9    
    -4   -5    6     0.629     0.660    -0.030   12.3053    1.8814   12.4483    1.0000   582.4    
    -3   -8    6     0.821     0.888    -0.067   13.9411    1.7656   14.0525    1.0000   416.5    
    -2   -8    6     0.861     0.822     0.039   21.5463    1.8159   21.6227    1.0000   1651.    
    -4   -6    7     1.235     1.198     0.037   22.0017    1.8069   22.0757    1.0000   806.4    

 R1=Sum diffs/Sum obs =   6.081    
 R2=Sum of diffs of squares/Sum obs squared =    12.60    
 Chi squared =    2.50     Sum weighted diffs sqrd =    299.    
 For   120 observations and   0 basic variables
 R3=Sum weighted diffs/Sum weighted obs =    3.212    
 R4=Sum weighted diffs of squares/Sum weighted squares obs =   6.391    





1Shifts in variables for cycle  2


 Average SHIFT/ESD for cycle   2 is undefined, Maximum SHIFT/ESD =     0.0000    

 No correlations found above  70 per cent

 Magnetisation elipsoid for Dy1 
 Principal axes:     chi (muB/T)    x       y       z
                       11.146      0.191  -0.833   0.519
                        0.226     -0.184  -0.549  -0.815
                        0.147      0.964   0.060  -0.258

 Induced moments with field  0.50 T, parallel to   0.496   0.421   0.760
 Operator      Atom Position            x       y       z
    1      0.7875  0.6602  0.8974     0.188  -0.581   0.480
    2     -0.7875  1.1602 -0.3974     0.920   3.868   2.466
